-------------------------------------------------------------------------------
Test set: com.arts.app.SpringBootSecurityJwtApplicationTests
-------------------------------------------------------------------------------
Tests run: 1, Failures: 0, Errors: 1, Skipped: 0, Time elapsed: 0.976 s <<< FAILURE! - in com.arts.app.SpringBootSecurityJwtApplicationTests
initializationError(com.arts.app.SpringBootSecurityJwtApplicationTests)  Time elapsed: 0.028 s  <<< ERROR!
java.lang.IllegalStateException: Unable to find a @SpringBootConfiguration, you need to use @ContextConfiguration or @SpringBootTest(classes=...) with your test

